{"level":"info","message":"Server running on port 3000","timestamp":"2025-06-22T05:14:39.049Z"}
{"level":"info","message":"Server running on port 3000","timestamp":"2025-06-22T05:14:41.588Z"}
{"level":"info","message":"Server running on port 3000","timestamp":"2025-06-22T05:15:05.770Z"}
{"level":"info","message":"Server running on port 3000","timestamp":"2025-06-22T05:15:09.870Z"}
{"level":"info","message":"Server running on port 3000","timestamp":"2025-06-22T05:16:52.905Z"}
{"level":"info","message":"Server running on port 3000","timestamp":"2025-06-22T05:17:06.308Z"}
{"level":"info","message":"Server running on port 3000","timestamp":"2025-06-22T05:18:12.276Z"}
{"level":"info","message":"Server running on port 3000","timestamp":"2025-06-22T05:19:04.303Z"}
{"level":"info","message":"Server running on port 3000","timestamp":"2025-06-22T05:19:47.578Z"}
{"level":"info","message":"Server running on port 3000","timestamp":"2025-06-22T05:19:55.108Z"}
{"error":"Not Found","level":"error","message":"GitHub auth callback error:","timestamp":"2025-06-22T05:20:00.932Z"}
{"error":"Not Found","level":"error","message":"GitHub auth callback error:","timestamp":"2025-06-22T05:20:07.014Z"}
{"error":"Not Found","level":"error","message":"GitHub auth callback error:","timestamp":"2025-06-22T05:20:11.001Z"}
{"level":"info","message":"Server running on port 3000","timestamp":"2025-06-22T05:21:37.070Z"}
{"level":"info","message":"Server running on port 3000","timestamp":"2025-06-22T05:21:43.207Z"}
{"error":"Not Found","level":"error","message":"GitHub auth callback error:","timestamp":"2025-06-22T05:22:09.662Z"}
{"error":"Not Found","level":"error","message":"GitHub auth callback error:","timestamp":"2025-06-22T05:22:23.160Z"}
{"level":"info","message":"Server running on port 3000","timestamp":"2025-06-22T05:23:20.492Z"}
{"level":"info","message":"Server running on port 3000","timestamp":"2025-06-22T05:23:21.970Z"}
{"level":"info","message":"Server running on port 3000","timestamp":"2025-06-22T05:23:29.175Z"}
{"level":"info","message":"Server running on port 3000","timestamp":"2025-06-22T05:23:32.296Z"}
{"level":"info","message":"Server running on port 3000","timestamp":"2025-06-22T05:23:40.780Z"}
{"level":"info","message":"Server running on port 3000","timestamp":"2025-06-22T05:23:44.701Z"}
{"error":"Not Found","level":"error","message":"GitHub auth callback error:","timestamp":"2025-06-22T05:25:36.604Z"}
{"error":"Not Found","level":"error","message":"GitHub auth callback error:","timestamp":"2025-06-22T05:25:41.113Z"}
{"level":"info","message":"Server running on port 3000","timestamp":"2025-06-22T05:25:59.175Z"}
{"error":"Not Found","level":"error","message":"GitHub auth callback error:","timestamp":"2025-06-22T05:26:05.721Z"}
{"level":"info","message":"Server running on port 3000","timestamp":"2025-06-22T05:29:15.306Z"}
{"error":"Not Found","level":"error","message":"GitHub auth callback error:","timestamp":"2025-06-22T05:30:15.510Z"}
{"error":"Not Found","level":"error","message":"GitHub auth callback error:","timestamp":"2025-06-22T05:30:23.929Z"}
{"error":"Not Found","level":"error","message":"GitHub auth callback error:","timestamp":"2025-06-22T05:42:12.793Z"}
{"level":"info","message":"Server running on port 3000","timestamp":"2025-06-22T05:43:13.180Z"}
{"level":"info","message":"Server running on port 3000","timestamp":"2025-06-22T05:43:22.219Z"}
{"error":"Not Found","level":"error","message":"GitHub auth callback error:","timestamp":"2025-06-22T05:43:25.556Z"}
{"level":"info","message":"Server running on port 3000","timestamp":"2025-06-22T05:44:06.937Z"}
{"error":"Not Found","level":"error","message":"GitHub auth callback error:","timestamp":"2025-06-22T05:44:15.267Z"}
{"level":"info","message":"Server running on port 3000","timestamp":"2025-06-22T05:51:37.488Z"}
{"error":"Not Found","level":"error","message":"GitHub auth callback error:","timestamp":"2025-06-22T05:52:13.650Z"}
{"level":"info","message":"Server running on port 3000","timestamp":"2025-06-22T05:55:29.842Z"}
{"level":"info","message":"Server running on port 3000","timestamp":"2025-06-22T05:55:57.118Z"}
{"level":"info","message":"Server running on port 3000","timestamp":"2025-06-22T05:55:58.782Z"}
{"level":"info","message":"Server running on port 3000","timestamp":"2025-06-22T05:59:45.714Z"}
{"error":"Not Found","level":"error","message":"GitHub auth callback error:","timestamp":"2025-06-22T06:00:23.617Z"}
{"level":"info","message":"Server running on port 3000","timestamp":"2025-06-22T06:04:55.838Z"}
{"level":"info","message":"Server running on port 3000","timestamp":"2025-06-22T06:04:56.925Z"}
{"level":"info","message":"Server running on port 3000","timestamp":"2025-06-22T06:04:58.605Z"}
{"error":"Not Found","level":"error","message":"GitHub auth callback error:","timestamp":"2025-06-22T06:05:04.122Z"}
{"error":"Not Found","level":"error","message":"GitHub auth callback error:","timestamp":"2025-06-22T06:05:09.716Z"}
{"level":"info","message":"Server running on port 3000","timestamp":"2025-06-22T06:05:59.373Z"}
{"error":"Not Found","level":"error","message":"GitHub auth callback error:","timestamp":"2025-06-22T06:06:05.976Z"}
{"level":"info","message":"Server running on port 3000","timestamp":"2025-06-22T06:07:54.927Z"}
{"level":"info","message":"Server running on port 3000","timestamp":"2025-06-22T06:08:14.676Z"}
{"level":"info","message":"Server running on port 3000","timestamp":"2025-06-22T06:08:23.729Z"}
{"level":"info","message":"Server running on port 3000","timestamp":"2025-06-22T06:11:07.989Z"}
{"level":"info","message":"New user created: Vijay-papanaboina","timestamp":"2025-06-22T06:11:20.831Z"}
{"level":"info","message":"New user created: vijay-git-hub3","timestamp":"2025-06-22T06:13:06.476Z"}
{"level":"info","message":"Server running on port 3000","timestamp":"2025-06-22T06:17:02.469Z"}
{"level":"info","message":"Server running on port 3000","timestamp":"2025-06-22T06:17:16.456Z"}
{"level":"info","message":"Server running on port 3000","timestamp":"2025-06-22T06:17:20.388Z"}
{"level":"info","message":"Server running on port 3000","timestamp":"2025-06-22T06:20:01.537Z"}
{"level":"info","message":"Server running on port 3000","timestamp":"2025-06-22T06:20:04.237Z"}
{"level":"info","message":"Server running on port 3000","timestamp":"2025-06-22T06:20:05.485Z"}
{"level":"info","message":"User logged in: Vijay-papanaboina","timestamp":"2025-06-22T06:22:04.260Z"}
{"level":"info","message":"User logged in: Vijay-papanaboina","timestamp":"2025-06-22T06:22:10.659Z"}
{"level":"info","message":"Server running on port 3000","timestamp":"2025-06-22T06:26:18.957Z"}
{"level":"info","message":"Server running on port 3000","timestamp":"2025-06-22T06:26:21.161Z"}
{"level":"info","message":"Server running on port 3000","timestamp":"2025-06-22T06:51:33.966Z"}
{"level":"info","message":"Server running on port 3000","timestamp":"2025-06-22T06:52:00.366Z"}
{"level":"info","message":"Server running on port 3000","timestamp":"2025-06-22T06:52:19.795Z"}
{"level":"info","message":"Server running on port 3000","timestamp":"2025-06-22T06:52:45.686Z"}
{"level":"info","message":"Server running on port 3000","timestamp":"2025-06-22T06:52:54.457Z"}
{"level":"info","message":"Server running on port 3000","timestamp":"2025-06-22T07:00:15.394Z"}
{"level":"error","message":"GitHub auth callback error: column \"githubAccessToken\" of relation \"users\" does not exist","timestamp":"2025-06-22T07:04:20.691Z"}
{"level":"info","message":"Server running on port 3000","timestamp":"2025-06-22T07:04:58.320Z"}
{"level":"info","message":"Server running on port 3000","timestamp":"2025-06-22T07:05:01.236Z"}
{"level":"info","message":"Server running on port 3000","timestamp":"2025-06-22T07:11:28.137Z"}
{"level":"info","message":"New user created: vijay-git-hub3","timestamp":"2025-06-22T07:16:32.541Z"}
{"level":"info","message":"New user created: Vijay-papanaboina","timestamp":"2025-06-22T07:17:12.702Z"}
{"level":"info","message":"User logged in and token updated: Vijay-papanaboina","timestamp":"2025-06-22T07:17:25.193Z"}
{"level":"info","message":"Server running on port 3000","timestamp":"2025-06-22T07:29:57.552Z"}
{"level":"info","message":"Server running on port 3000","timestamp":"2025-06-22T07:30:13.510Z"}
{"level":"info","message":"Server running on port 3000","timestamp":"2025-06-22T07:30:19.360Z"}
{"level":"info","message":"Server running on port 3000","timestamp":"2025-06-22T07:30:31.595Z"}
{"level":"info","message":"Server running on port 3000","timestamp":"2025-06-22T07:30:49.581Z"}
{"level":"info","message":"Server running on port 3000","timestamp":"2025-06-22T07:31:13.138Z"}
{"level":"info","message":"Server running on port 3000","timestamp":"2025-06-22T07:31:27.740Z"}
{"level":"info","message":"Server running on port 3000","timestamp":"2025-06-22T07:31:33.964Z"}
{"level":"info","message":"Server running on port 3000","timestamp":"2025-06-22T07:31:44.546Z"}
{"level":"info","message":"Server running on port 3000","timestamp":"2025-06-22T07:31:54.480Z"}
{"level":"info","message":"Server running on port 3000","timestamp":"2025-06-22T07:32:01.568Z"}
{"level":"info","message":"Server running on port 3000","timestamp":"2025-06-22T07:32:08.015Z"}
{"level":"info","message":"Server running on port 3000","timestamp":"2025-06-22T07:32:18.390Z"}
{"level":"info","message":"Server running on port 3000","timestamp":"2025-06-22T07:32:26.855Z"}
{"level":"info","message":"Server running on port 3000","timestamp":"2025-06-22T07:33:09.282Z"}
{"level":"info","message":"Server running on port 3000","timestamp":"2025-06-22T07:33:19.230Z"}
{"level":"info","message":"Server running on port 3000","timestamp":"2025-06-22T07:34:04.716Z"}
{"level":"info","message":"Server running on port 3000","timestamp":"2025-06-22T07:34:35.871Z"}
{"level":"info","message":"Server running on port 3000","timestamp":"2025-06-22T07:34:46.056Z"}
{"level":"info","message":"Server running on port 3000","timestamp":"2025-06-22T07:34:51.443Z"}
{"level":"info","message":"Server running on port 3000","timestamp":"2025-06-22T08:54:33.144Z"}
{"level":"info","message":"Server running on port 3000","timestamp":"2025-06-22T09:01:19.799Z"}
{"level":"info","message":"Server running on port 3000","timestamp":"2025-06-22T09:35:27.270Z"}
{"level":"info","message":"User logged in and token updated: Vijay-papanaboina","timestamp":"2025-06-22T09:37:52.294Z"}
{"level":"info","message":"User logged in and token updated: Vijay-papanaboina","timestamp":"2025-06-22T09:37:53.487Z"}
{"level":"info","message":"Server running on port 3000","timestamp":"2025-06-22T10:00:52.346Z"}
{"level":"info","message":"Server running on port 3000","timestamp":"2025-06-22T10:37:11.161Z"}
{"level":"info","message":"User logged in and token updated: Vijay-papanaboina","timestamp":"2025-06-22T10:56:04.675Z"}
{"level":"info","message":"Server running on port 3000","timestamp":"2025-06-22T11:13:16.962Z"}
{"level":"info","message":"Server running on port 3000","timestamp":"2025-06-22T11:13:30.049Z"}
{"level":"info","message":"Server running on port 3000","timestamp":"2025-06-22T11:13:33.520Z"}
{"level":"info","message":"Server running on port 3000","timestamp":"2025-06-22T11:13:53.437Z"}
{"level":"info","message":"Server running on port 3000","timestamp":"2025-06-22T11:18:56.747Z"}
{"level":"info","message":"Server running on port 3000","timestamp":"2025-06-22T11:19:01.916Z"}
{"level":"info","message":"Server running on port 3000","timestamp":"2025-06-22T11:21:26.790Z"}
{"level":"info","message":"Server running on port 3000","timestamp":"2025-06-22T11:22:08.763Z"}
{"level":"info","message":"Server running on port 3000","timestamp":"2025-06-22T11:24:34.644Z"}
{"level":"info","message":"Server running on port 3000","timestamp":"2025-06-22T11:25:07.761Z"}
{"level":"info","message":"Server running on port 3000","timestamp":"2025-06-22T11:25:16.617Z"}
{"level":"info","message":"Server running on port 3000","timestamp":"2025-06-22T11:25:24.233Z"}
{"level":"info","message":"Server running on port 3000","timestamp":"2025-06-22T11:25:32.270Z"}
{"level":"info","message":"Server running on port 3000","timestamp":"2025-06-22T11:25:35.560Z"}
{"level":"info","message":"Server running on port 3000","timestamp":"2025-06-22T11:25:39.095Z"}
{"level":"info","message":"Server running on port 3000","timestamp":"2025-06-22T11:25:48.261Z"}
{"level":"info","message":"Server running on port 3000","timestamp":"2025-06-22T11:25:54.081Z"}
{"level":"info","message":"Server running on port 3000","timestamp":"2025-06-22T11:25:57.144Z"}
{"level":"info","message":"Server running on port 3000","timestamp":"2025-06-22T11:25:59.179Z"}
{"level":"info","message":"Server running on port 3000","timestamp":"2025-06-22T11:26:04.810Z"}
{"level":"info","message":"Server running on port 3000","timestamp":"2025-06-22T11:26:07.735Z"}
{"level":"info","message":"Server running on port 3000","timestamp":"2025-06-22T11:26:16.953Z"}
{"level":"info","message":"Server running on port 3000","timestamp":"2025-06-22T11:26:26.418Z"}
{"level":"info","message":"Server running on port 3000","timestamp":"2025-06-22T11:26:30.802Z"}
{"level":"info","message":"Server running on port 3000","timestamp":"2025-06-22T11:26:39.615Z"}
{"level":"info","message":"Server running on port 3000","timestamp":"2025-06-22T11:26:45.716Z"}
{"level":"info","message":"Server running on port 3000","timestamp":"2025-06-22T11:27:00.759Z"}
{"level":"info","message":"Server running on port 3000","timestamp":"2025-06-22T11:27:02.245Z"}
{"level":"info","message":"Server running on port 3000","timestamp":"2025-06-22T11:27:03.701Z"}
{"level":"info","message":"Server running on port 3000","timestamp":"2025-06-22T11:27:13.778Z"}
{"level":"info","message":"Server running on port 3000","timestamp":"2025-06-22T11:27:26.402Z"}
{"level":"error","message":"Failed to fetch user: db.query is not a function","stack":"TypeError: db.query is not a function\n    at file:///C:/Users/vijay/Desktop/Web%20Development/frontbase/backend/routes/auth.js:124:33\n    at Layer.handleRequest (C:\\Users\\vijay\\Desktop\\Web Development\\frontbase\\backend\\node_modules\\router\\lib\\layer.js:152:17)\n    at next (C:\\Users\\vijay\\Desktop\\Web Development\\frontbase\\backend\\node_modules\\router\\lib\\route.js:157:13)\n    at authMiddleware (file:///C:/Users/vijay/Desktop/Web%20Development/frontbase/backend/middlewares/auth.js:16:5)\n    at Layer.handleRequest (C:\\Users\\vijay\\Desktop\\Web Development\\frontbase\\backend\\node_modules\\router\\lib\\layer.js:152:17)\n    at next (C:\\Users\\vijay\\Desktop\\Web Development\\frontbase\\backend\\node_modules\\router\\lib\\route.js:157:13)\n    at Route.dispatch (C:\\Users\\vijay\\Desktop\\Web Development\\frontbase\\backend\\node_modules\\router\\lib\\route.js:117:3)\n    at handle (C:\\Users\\vijay\\Desktop\\Web Development\\frontbase\\backend\\node_modules\\router\\index.js:435:11)\n    at Layer.handleRequest (C:\\Users\\vijay\\Desktop\\Web Development\\frontbase\\backend\\node_modules\\router\\lib\\layer.js:152:17)\n    at C:\\Users\\vijay\\Desktop\\Web Development\\frontbase\\backend\\node_modules\\router\\index.js:295:15","timestamp":"2025-06-22T11:29:22.429Z"}
{"level":"error","message":"Failed to fetch user: db.query is not a function","stack":"TypeError: db.query is not a function\n    at file:///C:/Users/vijay/Desktop/Web%20Development/frontbase/backend/routes/auth.js:124:33\n    at Layer.handleRequest (C:\\Users\\vijay\\Desktop\\Web Development\\frontbase\\backend\\node_modules\\router\\lib\\layer.js:152:17)\n    at next (C:\\Users\\vijay\\Desktop\\Web Development\\frontbase\\backend\\node_modules\\router\\lib\\route.js:157:13)\n    at authMiddleware (file:///C:/Users/vijay/Desktop/Web%20Development/frontbase/backend/middlewares/auth.js:16:5)\n    at Layer.handleRequest (C:\\Users\\vijay\\Desktop\\Web Development\\frontbase\\backend\\node_modules\\router\\lib\\layer.js:152:17)\n    at next (C:\\Users\\vijay\\Desktop\\Web Development\\frontbase\\backend\\node_modules\\router\\lib\\route.js:157:13)\n    at Route.dispatch (C:\\Users\\vijay\\Desktop\\Web Development\\frontbase\\backend\\node_modules\\router\\lib\\route.js:117:3)\n    at handle (C:\\Users\\vijay\\Desktop\\Web Development\\frontbase\\backend\\node_modules\\router\\index.js:435:11)\n    at Layer.handleRequest (C:\\Users\\vijay\\Desktop\\Web Development\\frontbase\\backend\\node_modules\\router\\lib\\layer.js:152:17)\n    at C:\\Users\\vijay\\Desktop\\Web Development\\frontbase\\backend\\node_modules\\router\\index.js:295:15","timestamp":"2025-06-22T11:29:23.498Z"}
{"level":"info","message":"Server running on port 3000","timestamp":"2025-06-22T11:31:09.755Z"}
{"level":"info","message":"Server running on port 3000","timestamp":"2025-06-22T11:31:13.869Z"}
{"level":"info","message":"Server running on port 3000","timestamp":"2025-06-22T11:34:11.586Z"}
{"level":"info","message":"Server running on port 3000","timestamp":"2025-06-22T11:34:20.177Z"}
{"level":"info","message":"Server running on port 3000","timestamp":"2025-06-22T11:34:26.266Z"}
{"level":"info","message":"Server running on port 3000","timestamp":"2025-06-22T11:35:39.580Z"}
{"level":"info","message":"Server running on port 3000","timestamp":"2025-06-22T11:37:35.905Z"}
{"level":"info","message":"Server running on port 3000","timestamp":"2025-06-22T11:38:12.328Z"}
{"level":"info","message":"Server running on port 3000","timestamp":"2025-06-22T11:38:51.504Z"}
{"level":"info","message":"Server running on port 3000","timestamp":"2025-06-22T11:39:13.711Z"}
{"level":"info","message":"Server running on port 3000","timestamp":"2025-06-22T11:39:26.875Z"}
{"level":"info","message":"Server running on port 3000","timestamp":"2025-06-22T11:39:32.234Z"}
{"level":"info","message":"Server running on port 3000","timestamp":"2025-06-22T11:40:28.660Z"}
{"level":"info","message":"Server running on port 3000","timestamp":"2025-06-22T11:40:32.412Z"}
{"level":"info","message":"Server running on port 3000","timestamp":"2025-06-22T11:40:49.248Z"}
{"level":"info","message":"Server running on port 3000","timestamp":"2025-06-22T11:40:52.259Z"}
{"level":"info","message":"Server running on port 3000","timestamp":"2025-06-22T11:40:53.847Z"}
{"level":"info","message":"Server running on port 3000","timestamp":"2025-06-22T11:40:59.649Z"}
{"level":"info","message":"Server running on port 3000","timestamp":"2025-06-22T11:41:09.669Z"}
{"level":"info","message":"Server running on port 3000","timestamp":"2025-06-22T11:41:14.385Z"}
{"level":"info","message":"Server running on port 3000","timestamp":"2025-06-22T11:42:07.246Z"}
{"level":"info","message":"Server running on port 3000","timestamp":"2025-06-22T11:42:14.216Z"}
{"level":"info","message":"Server running on port 3000","timestamp":"2025-06-22T11:42:20.302Z"}
{"level":"info","message":"Server running on port 3000","timestamp":"2025-06-22T11:42:42.746Z"}
{"level":"info","message":"Server running on port 3000","timestamp":"2025-06-22T11:42:58.337Z"}
{"level":"info","message":"Server running on port 3000","timestamp":"2025-06-22T11:43:08.806Z"}
{"level":"info","message":"Server running on port 3000","timestamp":"2025-06-22T11:43:09.821Z"}
{"level":"info","message":"Server running on port 3000","timestamp":"2025-06-22T11:43:26.561Z"}
{"level":"info","message":"Server running on port 3000","timestamp":"2025-06-22T11:43:49.404Z"}
{"level":"info","message":"Server running on port 3000","timestamp":"2025-06-22T11:43:55.010Z"}
{"level":"info","message":"Server running on port 3000","timestamp":"2025-06-22T11:56:34.063Z"}
{"level":"info","message":"Server running on port 3000","timestamp":"2025-06-22T11:57:20.352Z"}
{"level":"error","message":"Failed to get access token from GitHub","timestamp":"2025-06-22T11:57:31.366Z"}
{"level":"info","message":"Server running on port 3000","timestamp":"2025-06-22T11:58:12.584Z"}
{"level":"info","message":"Server running on port 3000","timestamp":"2025-06-22T11:58:17.282Z"}
{"level":"info","message":"Server running on port 3000","timestamp":"2025-06-22T11:58:19.418Z"}
{"level":"info","message":"Server running on port 3000","timestamp":"2025-06-22T11:58:25.022Z"}
{"level":"info","message":"Server running on port 3000","timestamp":"2025-06-22T11:58:50.699Z"}
{"level":"info","message":"Server running on port 3000","timestamp":"2025-06-22T11:59:07.372Z"}
{"level":"info","message":"New user created: Vijay-papanaboina","timestamp":"2025-06-22T12:00:33.231Z"}
{"level":"info","message":"Server running on port 3000","timestamp":"2025-06-22T12:04:51.858Z"}
{"level":"info","message":"Server running on port 3000","timestamp":"2025-06-22T12:05:01.231Z"}
{"level":"info","message":"Server running on port 3000","timestamp":"2025-06-22T12:05:09.332Z"}
{"level":"info","message":"Server running on port 3000","timestamp":"2025-06-22T12:05:31.760Z"}
{"level":"info","message":"Server running on port 3000","timestamp":"2025-06-22T12:13:29.885Z"}
{"level":"info","message":"Root endpoint accessed.","timestamp":"2025-06-22T12:14:06.055Z"}
{"level":"info","message":"Root endpoint accessed.","timestamp":"2025-06-22T12:17:12.239Z"}
{"level":"info","message":"Server running on port 3000","timestamp":"2025-06-22T12:28:10.835Z"}
{"level":"info","message":"Server running on port 3000","timestamp":"2025-06-22T12:28:45.999Z"}
{"level":"info","message":"Root endpoint accessed.","timestamp":"2025-06-22T12:29:02.465Z"}
{"level":"info","message":"Server running on port 3000","timestamp":"2025-06-22T12:45:45.217Z"}
{"level":"info","message":"Root endpoint accessed.","timestamp":"2025-06-22T12:45:47.134Z"}
{"level":"error","message":"Failed to get access token from GitHub","timestamp":"2025-06-22T12:57:24.476Z"}
{"level":"error","message":"Failed to get access token from GitHub","timestamp":"2025-06-22T12:57:41.544Z"}
{"level":"error","message":"Failed to get access token from GitHub","timestamp":"2025-06-22T12:58:28.967Z"}
{"level":"info","message":"Server running on port 3000","timestamp":"2025-06-22T12:59:08.973Z"}
{"level":"error","message":"Failed to get access token from GitHub","timestamp":"2025-06-22T12:59:14.327Z"}
{"level":"info","message":"Server running on port 3000","timestamp":"2025-06-22T13:00:52.662Z"}
{"level":"info","message":"New user created: vijay-git-hub3","timestamp":"2025-06-22T13:01:21.441Z"}
{"level":"info","message":"Server running on port 3000","timestamp":"2025-06-22T13:03:45.117Z"}
{"level":"info","message":"User logged in and token updated: vijay-git-hub3","timestamp":"2025-06-22T13:04:23.344Z"}
{"level":"info","message":"User logged in and token updated: vijay-git-hub3","timestamp":"2025-06-22T13:04:44.954Z"}
{"level":"info","message":"Root endpoint accessed.","timestamp":"2025-06-22T13:05:18.580Z"}
{"level":"info","message":"User logged in and token updated: Vijay-papanaboina","timestamp":"2025-06-22T13:05:28.316Z"}
{"level":"info","message":"User logged in and token updated: Vijay-papanaboina","timestamp":"2025-06-22T13:05:46.556Z"}
{"level":"info","message":"User logged in and token updated: Vijay-papanaboina","timestamp":"2025-06-22T13:07:42.001Z"}
{"level":"info","message":"User logged in and token updated: vijay-git-hub3","timestamp":"2025-06-22T13:08:22.253Z"}
{"level":"info","message":"User logged in and token updated: vijay-git-hub3","timestamp":"2025-06-22T13:08:42.687Z"}
{"level":"info","message":"Server running on port 3000","timestamp":"2025-06-22T13:15:55.808Z"}
{"level":"info","message":"User logged in and token updated: Vijay-papanaboina","timestamp":"2025-06-22T13:16:21.100Z"}
{"level":"info","message":"Server running on port 3000","timestamp":"2025-06-22T13:18:32.874Z"}
{"level":"info","message":"User logged in and token updated: Vijay-papanaboina","timestamp":"2025-06-22T13:18:45.562Z"}
{"level":"info","message":"User logged in and token updated: Vijay-papanaboina","timestamp":"2025-06-22T13:22:58.149Z"}
{"level":"info","message":"Server running on port 3000","timestamp":"2025-06-22T13:23:43.133Z"}
{"level":"info","message":"User logged in and token updated: Vijay-papanaboina","timestamp":"2025-06-22T13:23:51.319Z"}
{"level":"info","message":"Auth middleware triggered.","timestamp":"2025-06-22T13:23:53.954Z"}
{"level":"info","message":"Cookies received:","timestamp":"2025-06-22T13:23:53.956Z"}
{"level":"warn","message":"Authentication failed: No token provided in cookies.","timestamp":"2025-06-22T13:23:53.957Z"}
{"level":"info","message":"Auth middleware triggered.","timestamp":"2025-06-22T13:23:53.967Z"}
{"level":"info","message":"Cookies received:","timestamp":"2025-06-22T13:23:53.970Z"}
{"level":"warn","message":"Authentication failed: No token provided in cookies.","timestamp":"2025-06-22T13:23:53.972Z"}
{"level":"info","message":"User logged in and token updated: Vijay-papanaboina","timestamp":"2025-06-22T13:26:09.838Z"}
{"level":"info","message":"Auth middleware triggered.","timestamp":"2025-06-22T13:26:11.943Z"}
{"level":"info","message":"Cookies received:","timestamp":"2025-06-22T13:26:11.944Z"}
{"level":"warn","message":"Authentication failed: No token provided in cookies.","timestamp":"2025-06-22T13:26:11.946Z"}
{"level":"info","message":"Auth middleware triggered.","timestamp":"2025-06-22T13:26:11.957Z"}
{"level":"info","message":"Cookies received:","timestamp":"2025-06-22T13:26:11.967Z"}
{"level":"warn","message":"Authentication failed: No token provided in cookies.","timestamp":"2025-06-22T13:26:11.968Z"}
{"level":"info","message":"Server running on port 3000","timestamp":"2025-06-22T13:26:44.522Z"}
{"level":"info","message":"User logged in and token updated: Vijay-papanaboina","timestamp":"2025-06-22T13:26:51.184Z"}
{"level":"info","message":"Auth middleware triggered.","timestamp":"2025-06-22T13:26:53.086Z"}
{"level":"info","message":"Cookies received:","timestamp":"2025-06-22T13:26:53.087Z"}
{"level":"warn","message":"Authentication failed: No token provided in cookies.","timestamp":"2025-06-22T13:26:53.087Z"}
{"level":"info","message":"Auth middleware triggered.","timestamp":"2025-06-22T13:26:53.099Z"}
{"level":"info","message":"Cookies received:","timestamp":"2025-06-22T13:26:53.100Z"}
{"level":"warn","message":"Authentication failed: No token provided in cookies.","timestamp":"2025-06-22T13:26:53.100Z"}
{"level":"info","message":"Server running on port 3000","timestamp":"2025-06-22T13:31:15.568Z"}
{"level":"info","message":"User logged in and token updated: Vijay-papanaboina","timestamp":"2025-06-22T13:31:19.473Z"}
{"level":"info","message":"Server running on port 3000","timestamp":"2025-06-22T13:46:51.952Z"}
{"level":"info","message":"Auth middleware triggered.","timestamp":"2025-06-22T13:46:52.770Z"}
{"level":"info","message":"Cookies received:","timestamp":"2025-06-22T13:46:52.771Z"}
{"level":"warn","message":"Authentication failed: No token provided in cookies.","timestamp":"2025-06-22T13:46:52.771Z"}
{"level":"info","message":"Auth middleware triggered.","timestamp":"2025-06-22T13:46:52.779Z"}
{"level":"info","message":"Cookies received:","timestamp":"2025-06-22T13:46:52.779Z"}
{"level":"warn","message":"Authentication failed: No token provided in cookies.","timestamp":"2025-06-22T13:46:52.780Z"}
{"level":"info","message":"User logged in and token updated: Vijay-papanaboina","timestamp":"2025-06-22T13:47:13.300Z"}
{"level":"info","message":"Auth middleware triggered.","timestamp":"2025-06-22T13:48:19.242Z"}
{"level":"info","message":"Cookies received:","timestamp":"2025-06-22T13:48:19.243Z"}
{"level":"warn","message":"Authentication failed: No token provided in cookies.","timestamp":"2025-06-22T13:48:19.243Z"}
{"level":"info","message":"Server running on port 3000","timestamp":"2025-06-22T13:48:48.052Z"}
{"level":"info","message":"User logged in and token updated: Vijay-papanaboina","timestamp":"2025-06-22T13:50:20.967Z"}
{"level":"info","message":"User logged in and token updated: Vijay-papanaboina","timestamp":"2025-06-22T13:50:35.496Z"}
{"level":"info","message":"User logged in and token updated: Vijay-papanaboina","timestamp":"2025-06-22T13:52:19.123Z"}
{"level":"info","message":"Server running on port 3000","timestamp":"2025-06-22T13:52:39.576Z"}
{"level":"info","message":"User logged in and token updated: Vijay-papanaboina","timestamp":"2025-06-22T13:52:48.679Z"}
{"level":"info","message":"Server running on port 3000","timestamp":"2025-06-22T13:54:20.104Z"}
{"level":"info","message":"Server running on port 3000","timestamp":"2025-06-22T13:58:33.099Z"}
{"level":"info","message":"Server running on port 3000","timestamp":"2025-06-22T14:02:15.421Z"}
{"level":"info","message":"Server running on port 3000","timestamp":"2025-06-22T14:10:51.564Z"}
{"level":"info","message":"Server running on port 3000","timestamp":"2025-06-22T14:13:21.528Z"}
{"level":"info","message":"Server running on port 3000","timestamp":"2025-06-22T14:16:12.672Z"}
{"level":"info","message":"Server running on port 3000","timestamp":"2025-06-23T04:40:54.789Z"}
{"level":"info","message":"Server running on port 3000","timestamp":"2025-06-23T05:05:48.209Z"}
{"level":"error","message":"Failed to get access token from GitHub","timestamp":"2025-06-23T05:06:03.253Z"}
{"level":"info","message":"Server running on port 3000","timestamp":"2025-06-23T05:08:23.890Z"}
{"level":"info","message":"Auth middleware triggered.","timestamp":"2025-06-23T05:08:29.061Z"}
{"abuse_interstitial":"barely-humane-parakeet.ngrok-free.app","level":"info","message":"Cookies received:","timestamp":"2025-06-23T05:08:29.062Z"}
{"level":"warn","message":"Authentication failed: No token provided in cookies.","timestamp":"2025-06-23T05:08:29.062Z"}
{"level":"info","message":"Auth middleware triggered.","timestamp":"2025-06-23T05:08:29.225Z"}
{"abuse_interstitial":"barely-humane-parakeet.ngrok-free.app","level":"info","message":"Cookies received:","timestamp":"2025-06-23T05:08:29.226Z"}
{"level":"warn","message":"Authentication failed: No token provided in cookies.","timestamp":"2025-06-23T05:08:29.226Z"}
{"level":"info","message":"Auth middleware triggered.","timestamp":"2025-06-23T05:08:31.088Z"}
{"abuse_interstitial":"barely-humane-parakeet.ngrok-free.app","level":"info","message":"Cookies received:","timestamp":"2025-06-23T05:08:31.089Z"}
{"level":"warn","message":"Authentication failed: No token provided in cookies.","timestamp":"2025-06-23T05:08:31.089Z"}
{"level":"info","message":"Auth middleware triggered.","timestamp":"2025-06-23T05:08:31.275Z"}
{"abuse_interstitial":"barely-humane-parakeet.ngrok-free.app","level":"info","message":"Cookies received:","timestamp":"2025-06-23T05:08:31.275Z"}
{"level":"warn","message":"Authentication failed: No token provided in cookies.","timestamp":"2025-06-23T05:08:31.275Z"}
{"level":"error","message":"Failed to get access token from GitHub","timestamp":"2025-06-23T05:08:34.023Z"}
{"level":"info","message":"Server running on port 3000","timestamp":"2025-06-23T05:11:43.901Z"}
{"level":"info","message":"User logged in and token updated: Vijay-papanaboina","timestamp":"2025-06-23T05:11:54.164Z"}
{"level":"info","message":"Auth middleware triggered.","timestamp":"2025-06-23T05:11:56.510Z"}
{"abuse_interstitial":"barely-humane-parakeet.ngrok-free.app","jwt":"eyJhbGciOiJIUzI1NiIsInR5cCI6IkpXVCJ9.eyJ1c2VySWQiOiI2MGJkNzE5OC1jODY2LTRlMzAtODI2Ny1jMTgwMWM1ZDM3OGEiLCJnaXRodWJJZCI6MTQ2MDE4Nzg5LCJpYXQiOjE3NTA2NTU1MTQsImV4cCI6MTc1MTI2MDMxNH0._-gshaDlGIJsi4vMQb4uqpMUp06cBbqo1eKjKQCYx9g","level":"info","message":"Cookies received:","timestamp":"2025-06-23T05:11:56.510Z"}
{"level":"info","message":"Token verified successfully for user:","timestamp":"2025-06-23T05:11:56.512Z"}
{"level":"info","message":"Auth middleware triggered.","timestamp":"2025-06-23T05:11:57.014Z"}
{"abuse_interstitial":"barely-humane-parakeet.ngrok-free.app","jwt":"eyJhbGciOiJIUzI1NiIsInR5cCI6IkpXVCJ9.eyJ1c2VySWQiOiI2MGJkNzE5OC1jODY2LTRlMzAtODI2Ny1jMTgwMWM1ZDM3OGEiLCJnaXRodWJJZCI6MTQ2MDE4Nzg5LCJpYXQiOjE3NTA2NTU1MTQsImV4cCI6MTc1MTI2MDMxNH0._-gshaDlGIJsi4vMQb4uqpMUp06cBbqo1eKjKQCYx9g","level":"info","message":"Cookies received:","timestamp":"2025-06-23T05:11:57.014Z"}
{"level":"info","message":"Token verified successfully for user:","timestamp":"2025-06-23T05:11:57.015Z"}
{"level":"info","message":"Auth middleware triggered.","timestamp":"2025-06-23T05:11:57.026Z"}
{"abuse_interstitial":"barely-humane-parakeet.ngrok-free.app","jwt":"eyJhbGciOiJIUzI1NiIsInR5cCI6IkpXVCJ9.eyJ1c2VySWQiOiI2MGJkNzE5OC1jODY2LTRlMzAtODI2Ny1jMTgwMWM1ZDM3OGEiLCJnaXRodWJJZCI6MTQ2MDE4Nzg5LCJpYXQiOjE3NTA2NTU1MTQsImV4cCI6MTc1MTI2MDMxNH0._-gshaDlGIJsi4vMQb4uqpMUp06cBbqo1eKjKQCYx9g","level":"info","message":"Cookies received:","timestamp":"2025-06-23T05:11:57.026Z"}
{"level":"info","message":"Token verified successfully for user:","timestamp":"2025-06-23T05:11:57.028Z"}
{"level":"info","message":"Auth middleware triggered.","timestamp":"2025-06-23T05:11:59.785Z"}
{"abuse_interstitial":"barely-humane-parakeet.ngrok-free.app","jwt":"eyJhbGciOiJIUzI1NiIsInR5cCI6IkpXVCJ9.eyJ1c2VySWQiOiI2MGJkNzE5OC1jODY2LTRlMzAtODI2Ny1jMTgwMWM1ZDM3OGEiLCJnaXRodWJJZCI6MTQ2MDE4Nzg5LCJpYXQiOjE3NTA2NTU1MTQsImV4cCI6MTc1MTI2MDMxNH0._-gshaDlGIJsi4vMQb4uqpMUp06cBbqo1eKjKQCYx9g","level":"info","message":"Cookies received:","timestamp":"2025-06-23T05:11:59.785Z"}
{"level":"info","message":"Token verified successfully for user:","timestamp":"2025-06-23T05:11:59.786Z"}
{"level":"info","message":"Auth middleware triggered.","timestamp":"2025-06-23T05:13:26.821Z"}
{"abuse_interstitial":"barely-humane-parakeet.ngrok-free.app","jwt":"eyJhbGciOiJIUzI1NiIsInR5cCI6IkpXVCJ9.eyJ1c2VySWQiOiI2MGJkNzE5OC1jODY2LTRlMzAtODI2Ny1jMTgwMWM1ZDM3OGEiLCJnaXRodWJJZCI6MTQ2MDE4Nzg5LCJpYXQiOjE3NTA2NTU1MTQsImV4cCI6MTc1MTI2MDMxNH0._-gshaDlGIJsi4vMQb4uqpMUp06cBbqo1eKjKQCYx9g","level":"info","message":"Cookies received:","timestamp":"2025-06-23T05:13:26.822Z"}
{"level":"info","message":"Token verified successfully for user:","timestamp":"2025-06-23T05:13:26.828Z"}
{"level":"info","message":"Auth middleware triggered.","timestamp":"2025-06-23T05:13:28.772Z"}
{"abuse_interstitial":"barely-humane-parakeet.ngrok-free.app","jwt":"eyJhbGciOiJIUzI1NiIsInR5cCI6IkpXVCJ9.eyJ1c2VySWQiOiI2MGJkNzE5OC1jODY2LTRlMzAtODI2Ny1jMTgwMWM1ZDM3OGEiLCJnaXRodWJJZCI6MTQ2MDE4Nzg5LCJpYXQiOjE3NTA2NTU1MTQsImV4cCI6MTc1MTI2MDMxNH0._-gshaDlGIJsi4vMQb4uqpMUp06cBbqo1eKjKQCYx9g","level":"info","message":"Cookies received:","timestamp":"2025-06-23T05:13:28.774Z"}
{"level":"info","message":"Token verified successfully for user:","timestamp":"2025-06-23T05:13:28.778Z"}
{"level":"info","message":"Auth middleware triggered.","timestamp":"2025-06-23T05:13:30.147Z"}
{"abuse_interstitial":"barely-humane-parakeet.ngrok-free.app","jwt":"eyJhbGciOiJIUzI1NiIsInR5cCI6IkpXVCJ9.eyJ1c2VySWQiOiI2MGJkNzE5OC1jODY2LTRlMzAtODI2Ny1jMTgwMWM1ZDM3OGEiLCJnaXRodWJJZCI6MTQ2MDE4Nzg5LCJpYXQiOjE3NTA2NTU1MTQsImV4cCI6MTc1MTI2MDMxNH0._-gshaDlGIJsi4vMQb4uqpMUp06cBbqo1eKjKQCYx9g","level":"info","message":"Cookies received:","timestamp":"2025-06-23T05:13:30.150Z"}
{"level":"info","message":"Token verified successfully for user:","timestamp":"2025-06-23T05:13:30.153Z"}
{"level":"info","message":"Auth middleware triggered.","timestamp":"2025-06-23T05:20:35.386Z"}
{"abuse_interstitial":"barely-humane-parakeet.ngrok-free.app","jwt":"eyJhbGciOiJIUzI1NiIsInR5cCI6IkpXVCJ9.eyJ1c2VySWQiOiI2MGJkNzE5OC1jODY2LTRlMzAtODI2Ny1jMTgwMWM1ZDM3OGEiLCJnaXRodWJJZCI6MTQ2MDE4Nzg5LCJpYXQiOjE3NTA2NTU1MTQsImV4cCI6MTc1MTI2MDMxNH0._-gshaDlGIJsi4vMQb4uqpMUp06cBbqo1eKjKQCYx9g","level":"info","message":"Cookies received:","timestamp":"2025-06-23T05:20:35.387Z"}
{"level":"info","message":"Token verified successfully for user:","timestamp":"2025-06-23T05:20:35.388Z"}
{"level":"info","message":"Auth middleware triggered.","timestamp":"2025-06-23T05:20:37.360Z"}
{"abuse_interstitial":"barely-humane-parakeet.ngrok-free.app","jwt":"eyJhbGciOiJIUzI1NiIsInR5cCI6IkpXVCJ9.eyJ1c2VySWQiOiI2MGJkNzE5OC1jODY2LTRlMzAtODI2Ny1jMTgwMWM1ZDM3OGEiLCJnaXRodWJJZCI6MTQ2MDE4Nzg5LCJpYXQiOjE3NTA2NTU1MTQsImV4cCI6MTc1MTI2MDMxNH0._-gshaDlGIJsi4vMQb4uqpMUp06cBbqo1eKjKQCYx9g","level":"info","message":"Cookies received:","timestamp":"2025-06-23T05:20:37.361Z"}
{"level":"info","message":"Token verified successfully for user:","timestamp":"2025-06-23T05:20:37.362Z"}
{"level":"info","message":"Auth middleware triggered.","timestamp":"2025-06-23T05:20:38.560Z"}
{"abuse_interstitial":"barely-humane-parakeet.ngrok-free.app","jwt":"eyJhbGciOiJIUzI1NiIsInR5cCI6IkpXVCJ9.eyJ1c2VySWQiOiI2MGJkNzE5OC1jODY2LTRlMzAtODI2Ny1jMTgwMWM1ZDM3OGEiLCJnaXRodWJJZCI6MTQ2MDE4Nzg5LCJpYXQiOjE3NTA2NTU1MTQsImV4cCI6MTc1MTI2MDMxNH0._-gshaDlGIJsi4vMQb4uqpMUp06cBbqo1eKjKQCYx9g","level":"info","message":"Cookies received:","timestamp":"2025-06-23T05:20:38.560Z"}
{"level":"info","message":"Token verified successfully for user:","timestamp":"2025-06-23T05:20:38.561Z"}
{"level":"info","message":"Server running on port 3000","timestamp":"2025-06-23T05:28:33.038Z"}
{"level":"info","message":"Server running on port 3000","timestamp":"2025-06-23T05:28:55.503Z"}
{"level":"info","message":"Server running on port 3000","timestamp":"2025-06-23T05:29:25.426Z"}
{"level":"info","message":"Server running on port 3000","timestamp":"2025-06-23T05:32:39.845Z"}
{"level":"info","message":"Server running on port 3000"}
{"level":"info","message":"Server running on port 3000"}
