{"error":"Not Found","level":"error","message":"GitHub auth callback error:","timestamp":"2025-06-22T05:20:00.932Z"}
{"error":"Not Found","level":"error","message":"GitHub auth callback error:","timestamp":"2025-06-22T05:20:07.014Z"}
{"error":"Not Found","level":"error","message":"GitHub auth callback error:","timestamp":"2025-06-22T05:20:11.001Z"}
{"error":"Not Found","level":"error","message":"GitHub auth callback error:","timestamp":"2025-06-22T05:22:09.662Z"}
{"error":"Not Found","level":"error","message":"GitHub auth callback error:","timestamp":"2025-06-22T05:22:23.160Z"}
{"error":"Not Found","level":"error","message":"GitHub auth callback error:","timestamp":"2025-06-22T05:25:36.604Z"}
{"error":"Not Found","level":"error","message":"GitHub auth callback error:","timestamp":"2025-06-22T05:25:41.113Z"}
{"error":"Not Found","level":"error","message":"GitHub auth callback error:","timestamp":"2025-06-22T05:26:05.721Z"}
{"error":"Not Found","level":"error","message":"GitHub auth callback error:","timestamp":"2025-06-22T05:30:15.510Z"}
{"error":"Not Found","level":"error","message":"GitHub auth callback error:","timestamp":"2025-06-22T05:30:23.929Z"}
{"error":"Not Found","level":"error","message":"GitHub auth callback error:","timestamp":"2025-06-22T05:42:12.793Z"}
{"error":"Not Found","level":"error","message":"GitHub auth callback error:","timestamp":"2025-06-22T05:43:25.556Z"}
{"error":"Not Found","level":"error","message":"GitHub auth callback error:","timestamp":"2025-06-22T05:44:15.267Z"}
{"error":"Not Found","level":"error","message":"GitHub auth callback error:","timestamp":"2025-06-22T05:52:13.650Z"}
{"error":"Not Found","level":"error","message":"GitHub auth callback error:","timestamp":"2025-06-22T06:00:23.617Z"}
{"error":"Not Found","level":"error","message":"GitHub auth callback error:","timestamp":"2025-06-22T06:05:04.122Z"}
{"error":"Not Found","level":"error","message":"GitHub auth callback error:","timestamp":"2025-06-22T06:05:09.716Z"}
{"error":"Not Found","level":"error","message":"GitHub auth callback error:","timestamp":"2025-06-22T06:06:05.976Z"}
{"level":"error","message":"GitHub auth callback error: column \"githubAccessToken\" of relation \"users\" does not exist","timestamp":"2025-06-22T07:04:20.691Z"}
{"level":"error","message":"Failed to fetch user: db.query is not a function","stack":"TypeError: db.query is not a function\n    at file:///C:/Users/vijay/Desktop/Web%20Development/frontbase/backend/routes/auth.js:124:33\n    at Layer.handleRequest (C:\\Users\\vijay\\Desktop\\Web Development\\frontbase\\backend\\node_modules\\router\\lib\\layer.js:152:17)\n    at next (C:\\Users\\vijay\\Desktop\\Web Development\\frontbase\\backend\\node_modules\\router\\lib\\route.js:157:13)\n    at authMiddleware (file:///C:/Users/vijay/Desktop/Web%20Development/frontbase/backend/middlewares/auth.js:16:5)\n    at Layer.handleRequest (C:\\Users\\vijay\\Desktop\\Web Development\\frontbase\\backend\\node_modules\\router\\lib\\layer.js:152:17)\n    at next (C:\\Users\\vijay\\Desktop\\Web Development\\frontbase\\backend\\node_modules\\router\\lib\\route.js:157:13)\n    at Route.dispatch (C:\\Users\\vijay\\Desktop\\Web Development\\frontbase\\backend\\node_modules\\router\\lib\\route.js:117:3)\n    at handle (C:\\Users\\vijay\\Desktop\\Web Development\\frontbase\\backend\\node_modules\\router\\index.js:435:11)\n    at Layer.handleRequest (C:\\Users\\vijay\\Desktop\\Web Development\\frontbase\\backend\\node_modules\\router\\lib\\layer.js:152:17)\n    at C:\\Users\\vijay\\Desktop\\Web Development\\frontbase\\backend\\node_modules\\router\\index.js:295:15","timestamp":"2025-06-22T11:29:22.429Z"}
{"level":"error","message":"Failed to fetch user: db.query is not a function","stack":"TypeError: db.query is not a function\n    at file:///C:/Users/vijay/Desktop/Web%20Development/frontbase/backend/routes/auth.js:124:33\n    at Layer.handleRequest (C:\\Users\\vijay\\Desktop\\Web Development\\frontbase\\backend\\node_modules\\router\\lib\\layer.js:152:17)\n    at next (C:\\Users\\vijay\\Desktop\\Web Development\\frontbase\\backend\\node_modules\\router\\lib\\route.js:157:13)\n    at authMiddleware (file:///C:/Users/vijay/Desktop/Web%20Development/frontbase/backend/middlewares/auth.js:16:5)\n    at Layer.handleRequest (C:\\Users\\vijay\\Desktop\\Web Development\\frontbase\\backend\\node_modules\\router\\lib\\layer.js:152:17)\n    at next (C:\\Users\\vijay\\Desktop\\Web Development\\frontbase\\backend\\node_modules\\router\\lib\\route.js:157:13)\n    at Route.dispatch (C:\\Users\\vijay\\Desktop\\Web Development\\frontbase\\backend\\node_modules\\router\\lib\\route.js:117:3)\n    at handle (C:\\Users\\vijay\\Desktop\\Web Development\\frontbase\\backend\\node_modules\\router\\index.js:435:11)\n    at Layer.handleRequest (C:\\Users\\vijay\\Desktop\\Web Development\\frontbase\\backend\\node_modules\\router\\lib\\layer.js:152:17)\n    at C:\\Users\\vijay\\Desktop\\Web Development\\frontbase\\backend\\node_modules\\router\\index.js:295:15","timestamp":"2025-06-22T11:29:23.498Z"}
{"level":"error","message":"Failed to get access token from GitHub","timestamp":"2025-06-22T11:57:31.366Z"}
{"level":"error","message":"Failed to get access token from GitHub","timestamp":"2025-06-22T12:57:24.476Z"}
{"level":"error","message":"Failed to get access token from GitHub","timestamp":"2025-06-22T12:57:41.544Z"}
{"level":"error","message":"Failed to get access token from GitHub","timestamp":"2025-06-22T12:58:28.967Z"}
{"level":"error","message":"Failed to get access token from GitHub","timestamp":"2025-06-22T12:59:14.327Z"}
{"level":"error","message":"Failed to get access token from GitHub","timestamp":"2025-06-23T05:06:03.253Z"}
{"level":"error","message":"Failed to get access token from GitHub","timestamp":"2025-06-23T05:08:34.023Z"}
